[下午 10:32:34] Loaded Traditional Chinese game strings
[下午 10:32:37] 載入魔物數據
[下午 10:32:37] 載入異常狀態數據
[下午 10:32:37] Loaded 101 different item crafting recipes!
[下午 10:32:37] 初始化 HunterPie!
[下午 10:32:37] [MODULE] Pre loading modules
[下午 10:32:37] [MODULE] Pre loaded 0 module(s) in 1ms
[下午 10:32:38] [ERROR] Failed to register hotkey. 1409
[下午 10:32:38] [ERROR] Failed to register hotkey
[下午 10:32:38] 載入 'MonsterHunterWorld.421652.map'
[下午 10:32:38] [LOG] Monster Hunter: World (421652) found! (PID: 63308)
[下午 10:32:38] [GMD] Indexed common\text\steam\item_chT (Strings: 5550 | Chunk Size: 254543 Bytes)
[下午 10:32:38] [GMD] Indexed common\text\vfont\music_skill_ch (Strings: 99 | Chunk Size: 2579 Bytes)
[下午 10:32:38] [GMD] Indexed common\text\em_names_chT (Strings: 208 | Chunk Size: 9723 Bytes)
[下午 10:32:38] [MODULE] Loaded 0 module(s) in 0ms
[下午 10:32:38] [Socket] Connected to HunterPie.Native!
[下午 10:32:38] [Native] Error on Input hook MH_ERROR_MEMORY_ALLOC
[下午 10:32:38] [Native] Error on Damage hook MH_ERROR_MEMORY_ALLOC
[下午 10:32:38] Initialized overlay with 9 widgets!
[下午 10:32:38] [DISCORD] 開始新的 RPC 連接
[下午 10:32:38] 初始化玩家記憶體掃描器
[下午 10:32:38] 初始化魔物 (1) 掃描器
[下午 10:32:38] 初始化魔物 (2) 掃描器
[下午 10:32:38] 初始化魔物 (3) 掃描器
[下午 10:32:38] 初始化遊戲記憶體掃描器
[下午 10:32:38] [LOG] Logged on 傾慕和源
[下午 10:32:38] [LOG] SESSION: b3mT+ejrLxX7
[下午 10:32:39] [DISCORD] 已連接到 Discord 的使用者: kin_002#0000
[下午 10:54:32] Exported decorations to ./DataExport/Decorations-HoneyHuntersWorld.txt!
[下午 10:54:32] Exported charms to ./DataExport/Charms-HoneyHuntersWorld.txt!
[下午 10:54:33] System.Net.Http.HttpRequestException: 回應狀態碼未表示成功: 503 (Service Unavailable)。
   於 System.Runtime.ExceptionServices.ExceptionDispatchInfo.Throw()
   於 System.Runtime.CompilerServices.TaskAwaiter.HandleNonSuccessAndDebuggerNotification(Task task)
   於 HunterPie.Plugins.PluginRegistryService.<IsRegistryAccessible>d__10.MoveNext()
[上午 12:07:59] [LOG] SESSION: 
[上午 04:22:26] [LOG] Game process closed!
[上午 04:22:26] [MODULE] Unloaded all modules.
