Application exit code: 0
   於 System.Environment.GetStackTrace(Exception e, Boolean needFileInfo)
   於 System.Environment.get_StackTrace()
   於 HunterPie.GUIControls.DebuggerControl.WriteStacktrace()
   於 HunterPie.Hunterpie.OnWindowClosing(Object sender, CancelEventArgs e)
   於 System.Windows.Window.OnClosing(CancelEventArgs e)
   於 System.Windows.Window.WmClose()
   於 System.Windows.Window.WindowFilterMessage(IntPtr hwnd, Int32 msg, IntPtr wParam, IntPtr lParam, Boolean& handled)
   於 System.Windows.Interop.HwndSource.PublicHooksFilterMessage(IntPtr hwnd, Int32 msg, IntPtr wParam, IntPtr lParam, Boolean& handled)
   於 MS.Win32.HwndWrapper.WndProc(IntPtr hwnd, Int32 msg, IntPtr wParam, IntPtr lParam, Boolean& handled)
   於 MS.Win32.HwndSubclass.DispatcherCallbackOperation(Object o)
   於 System.Windows.Threading.ExceptionWrapper.InternalRealCall(Delegate callback, Object args, Int32 numArgs)
   於 System.Windows.Threading.ExceptionWrapper.TryCatchWhen(Object source, Delegate callback, Object args, Int32 numArgs, Delegate catchHandler)
   於 System.Windows.Threading.Dispatcher.LegacyInvokeImpl(DispatcherPriority priority, TimeSpan timeout, Delegate method, Object args, Int32 numArgs)
   於 MS.Win32.HwndSubclass.SubclassWndProc(IntPtr hwnd, Int32 msg, IntPtr wParam, IntPtr lParam)
   於 MS.Win32.UnsafeNativeMethods.UnsafeSendMessage(IntPtr hWnd, WindowMessage msg, IntPtr wParam, IntPtr lParam)
   於 MS.Win32.UnsafeNativeMethods.UnsafeSendMessage(IntPtr hWnd, WindowMessage msg, IntPtr wParam, IntPtr lParam)
   於 System.Windows.Window.InternalClose(Boolean shutdown, Boolean ignoreCancel)
   於 System.Windows.Threading.ExceptionWrapper.InternalRealCall(Delegate callback, Object args, Int32 numArgs)
   於 System.Windows.Threading.ExceptionWrapper.TryCatchWhen(Object source, Delegate callback, Object args, Int32 numArgs, Delegate catchHandler)
   於 System.Windows.Threading.DispatcherOperation.InvokeImpl()
   於 MS.Internal.CulturePreservingExecutionContext.CallbackWrapper(Object obj)
   於 System.Threading.ExecutionContext.RunInternal(ExecutionContext executionContext, ContextCallback callback, Object state, Boolean preserveSyncCtx)
   於 System.Threading.ExecutionContext.Run(ExecutionContext executionContext, ContextCallback callback, Object state, Boolean preserveSyncCtx)
   於 System.Threading.ExecutionContext.Run(ExecutionContext executionContext, ContextCallback callback, Object state)
   於 MS.Internal.CulturePreservingExecutionContext.Run(CulturePreservingExecutionContext executionContext, ContextCallback callback, Object state)
   於 System.Windows.Threading.DispatcherOperation.Invoke()
   於 System.Windows.Threading.Dispatcher.ProcessQueue()
   於 System.Windows.Threading.Dispatcher.WndProcHook(IntPtr hwnd, Int32 msg, IntPtr wParam, IntPtr lParam, Boolean& handled)
   於 MS.Win32.HwndWrapper.WndProc(IntPtr hwnd, Int32 msg, IntPtr wParam, IntPtr lParam, Boolean& handled)
   於 MS.Win32.HwndSubclass.DispatcherCallbackOperation(Object o)
   於 System.Windows.Threading.ExceptionWrapper.InternalRealCall(Delegate callback, Object args, Int32 numArgs)
   於 System.Windows.Threading.ExceptionWrapper.TryCatchWhen(Object source, Delegate callback, Object args, Int32 numArgs, Delegate catchHandler)
   於 System.Windows.Threading.Dispatcher.LegacyInvokeImpl(DispatcherPriority priority, TimeSpan timeout, Delegate method, Object args, Int32 numArgs)
   於 MS.Win32.HwndSubclass.SubclassWndProc(IntPtr hwnd, Int32 msg, IntPtr wParam, IntPtr lParam)
   於 MS.Win32.UnsafeNativeMethods.DispatchMessage(MSG& msg)
   於 MS.Win32.UnsafeNativeMethods.DispatchMessage(MSG& msg)
   於 System.Windows.Threading.Dispatcher.PushFrameImpl(DispatcherFrame frame)
   於 System.Windows.Application.RunDispatcher(Object ignore)
   於 System.Windows.Application.RunInternal(Window window)
   於 HunterPie.App.Main()